platforms/android/app/build/intermediates/manifest_merge_blame_file/debug/processDebugMainManifest/manifest-merger-blame-debug-report.txt
1<?xml version="1.0" encoding="utf-8"?>
2<manifest xmlns:android="http://schemas.android.com/apk/res/android"
3    package="dev.bytesizedfox.microdectalktest"
4    android:versionCode="1"
5    android:versionName="2.0" >
6
7    <uses-sdk
8        android:minSdkVersion="31"
9        android:targetSdkVersion="35" />
10
11    <permission
11-->[androidx.core:core:1.13.0] AndroidManifest.xml:22:5-24:47
12        android:name="dev.bytesizedfox.microdectalktest.DYNAMIC_RECEIVER_NOT_EXPORTED_PERMISSION"
12-->[androidx.core:core:1.13.0] AndroidManifest.xml:23:9-81
13        android:protectionLevel="signature" />
13-->[androidx.core:core:1.13.0] AndroidManifest.xml:24:9-44
14
15    <uses-permission android:name="dev.bytesizedfox.microdectalktest.DYNAMIC_RECEIVER_NOT_EXPORTED_PERMISSION" />
15-->[androidx.core:core:1.13.0] AndroidManifest.xml:26:5-97
15-->[androidx.core:core:1.13.0] AndroidManifest.xml:26:22-94
16
17    <application
17-->src/main/AndroidManifest.xml:5:5-81:19
18        android:name="dev.bytesizedfox.microdectalktest.App"
18-->src/main/AndroidManifest.xml:6:9-28
19        android:allowBackup="true"
19-->src/main/AndroidManifest.xml:7:9-35
20        android:appComponentFactory="androidx.core.app.CoreComponentFactory"
20-->[androidx.core:core:1.13.0] AndroidManifest.xml:28:18-86
21        android:debuggable="true"
22        android:extractNativeLibs="false"
23        android:icon="@mipmap/ic_launcher"
23-->src/main/AndroidManifest.xml:8:9-43
24        android:label="@string/app_name"
24-->src/main/AndroidManifest.xml:9:9-41
25        android:roundIcon="@mipmap/ic_launcher"
25-->src/main/AndroidManifest.xml:10:9-48
26        android:supportsRtl="false"
26-->src/main/AndroidManifest.xml:11:9-36
27        android:testOnly="true"
28        android:theme="@style/Theme.MicroDectalk" >
28-->src/main/AndroidManifest.xml:12:9-50
29        <activity
29-->src/main/AndroidManifest.xml:14:9-16:40
30            android:name="dev.bytesizedfox.microdectalktest.DictionaryEdit"
30-->src/main/AndroidManifest.xml:15:13-43
31            android:exported="false" />
31-->src/main/AndroidManifest.xml:16:13-37
32
33        <provider
34            android:name="androidx.core.content.FileProvider"
34-->src/main/AndroidManifest.xml:19:13-62
35            android:authorities="dev.bytesizedfox.microdectalktest.fileprovider"
35-->src/main/AndroidManifest.xml:20:13-64
36            android:exported="false"
36-->src/main/AndroidManifest.xml:21:13-37
37            android:grantUriPermissions="true" >
37-->src/main/AndroidManifest.xml:22:13-47
38            <meta-data
38-->src/main/AndroidManifest.xml:23:13-25:54
39                android:name="android.support.FILE_PROVIDER_PATHS"
39-->src/main/AndroidManifest.xml:24:17-67
40                android:resource="@xml/file_paths" />
40-->src/main/AndroidManifest.xml:25:17-51
41        </provider>
42
43        <service
43-->src/main/AndroidManifest.xml:28:9-45:19
44            android:name="dev.bytesizedfox.microdectalktest.tts.TtsService"
44-->src/main/AndroidManifest.xml:29:13-43
45            android:directBootAware="true"
45-->src/main/AndroidManifest.xml:30:13-43
46            android:exported="true"
46-->src/main/AndroidManifest.xml:31:13-36
47            android:foregroundServiceType="mediaPlayback"
47-->src/main/AndroidManifest.xml:32:13-58
48            android:label="@string/app_name"
48-->src/main/AndroidManifest.xml:33:13-45
49            android:permission="android.permission.BIND_TTS_ENGINE" >
49-->src/main/AndroidManifest.xml:34:13-68
50            <intent-filter>
50-->src/main/AndroidManifest.xml:36:13-40:29
51                <action android:name="android.intent.action.TTS_SERVICE" />
51-->src/main/AndroidManifest.xml:37:17-76
51-->src/main/AndroidManifest.xml:37:25-73
52
53                <category android:name="android.intent.category.DEFAULT" />
53-->src/main/AndroidManifest.xml:39:17-76
53-->src/main/AndroidManifest.xml:39:27-73
54            </intent-filter>
55
56            <meta-data
56-->src/main/AndroidManifest.xml:42:13-44:54
57                android:name="android.speech.tts"
57-->src/main/AndroidManifest.xml:43:17-50
58                android:resource="@xml/tts_engine" />
58-->src/main/AndroidManifest.xml:44:17-51
59        </service>
60
61        <activity
61-->src/main/AndroidManifest.xml:47:9-50:53
62            android:name="dev.bytesizedfox.microdectalktest.tts.TTSSettingsActivity"
62-->src/main/AndroidManifest.xml:48:13-52
63            android:exported="true"
63-->src/main/AndroidManifest.xml:49:13-36
64            android:label="TTS Settings" />
64-->src/main/AndroidManifest.xml:50:13-41
65        <activity
65-->src/main/AndroidManifest.xml:51:9-60:20
66            android:name="dev.bytesizedfox.microdectalktest.tts.GetSampleText"
66-->src/main/AndroidManifest.xml:52:13-46
67            android:exported="true"
67-->src/main/AndroidManifest.xml:53:13-36
68            android:theme="@android:style/Theme.NoDisplay" >
68-->src/main/AndroidManifest.xml:54:13-59
69            <intent-filter>
69-->src/main/AndroidManifest.xml:55:13-59:29
70                <action android:name="android.speech.tts.engine.GET_SAMPLE_TEXT" />
70-->src/main/AndroidManifest.xml:56:17-84
70-->src/main/AndroidManifest.xml:56:25-81
71
72                <category android:name="android.intent.category.DEFAULT" />
72-->src/main/AndroidManifest.xml:39:17-76
72-->src/main/AndroidManifest.xml:39:27-73
73            </intent-filter>
74        </activity>
75        <activity
75-->src/main/AndroidManifest.xml:61:9-70:20
76            android:name="dev.bytesizedfox.microdectalktest.tts.CheckVoiceData"
76-->src/main/AndroidManifest.xml:62:13-47
77            android:exported="true"
77-->src/main/AndroidManifest.xml:63:13-36
78            android:theme="@android:style/Theme.Translucent.NoTitleBar" >
78-->src/main/AndroidManifest.xml:64:13-72
79            <intent-filter>
79-->src/main/AndroidManifest.xml:65:13-69:29
80                <action android:name="android.speech.tts.engine.CHECK_TTS_DATA" />
80-->src/main/AndroidManifest.xml:66:17-83
80-->src/main/AndroidManifest.xml:66:25-80
81
82                <category android:name="android.intent.category.DEFAULT" />
82-->src/main/AndroidManifest.xml:39:17-76
82-->src/main/AndroidManifest.xml:39:27-73
83            </intent-filter>
84        </activity>
85        <activity
85-->src/main/AndroidManifest.xml:71:9-80:20
86            android:name="dev.bytesizedfox.microdectalktest.MainActivity"
86-->src/main/AndroidManifest.xml:72:13-41
87            android:exported="true"
87-->src/main/AndroidManifest.xml:73:13-36
88            android:windowSoftInputMode="adjustResize" >
88-->src/main/AndroidManifest.xml:74:13-55
89            <intent-filter>
89-->src/main/AndroidManifest.xml:75:13-79:29
90                <action android:name="android.intent.action.MAIN" />
90-->src/main/AndroidManifest.xml:76:17-69
90-->src/main/AndroidManifest.xml:76:25-66
91
92                <category android:name="android.intent.category.LAUNCHER" />
92-->src/main/AndroidManifest.xml:78:17-77
92-->src/main/AndroidManifest.xml:78:27-74
93            </intent-filter>
94        </activity>
95
96        <provider
96-->[androidx.emoji2:emoji2:1.3.0] AndroidManifest.xml:24:9-32:20
97            android:name="androidx.startup.InitializationProvider"
97-->[androidx.emoji2:emoji2:1.3.0] AndroidManifest.xml:25:13-67
98            android:authorities="dev.bytesizedfox.microdectalktest.androidx-startup"
98-->[androidx.emoji2:emoji2:1.3.0] AndroidManifest.xml:26:13-68
99            android:exported="false" >
99-->[androidx.emoji2:emoji2:1.3.0] AndroidManifest.xml:27:13-37
100            <meta-data
100-->[androidx.emoji2:emoji2:1.3.0] AndroidManifest.xml:29:13-31:52
101                android:name="androidx.emoji2.text.EmojiCompatInitializer"
101-->[androidx.emoji2:emoji2:1.3.0] AndroidManifest.xml:30:17-75
102                android:value="androidx.startup" />
102-->[androidx.emoji2:emoji2:1.3.0] AndroidManifest.xml:31:17-49
103            <meta-data
103-->[androidx.lifecycle:lifecycle-process:2.6.2] AndroidManifest.xml:29:13-31:52
104                android:name="androidx.lifecycle.ProcessLifecycleInitializer"
104-->[androidx.lifecycle:lifecycle-process:2.6.2] AndroidManifest.xml:30:17-78
105                android:value="androidx.startup" />
105-->[androidx.lifecycle:lifecycle-process:2.6.2] AndroidManifest.xml:31:17-49
106            <meta-data
106-->[androidx.profileinstaller:profileinstaller:1.4.0] AndroidManifest.xml:29:13-31:52
107                android:name="androidx.profileinstaller.ProfileInstallerInitializer"
107-->[androidx.profileinstaller:profileinstaller:1.4.0] AndroidManifest.xml:30:17-85
108                android:value="androidx.startup" />
108-->[androidx.profileinstaller:profileinstaller:1.4.0] AndroidManifest.xml:31:17-49
109        </provider>
110
111        <receiver
111-->[androidx.profileinstaller:profileinstaller:1.4.0] AndroidManifest.xml:34:9-52:20
112            android:name="androidx.profileinstaller.ProfileInstallReceiver"
112-->[androidx.profileinstaller:profileinstaller:1.4.0] AndroidManifest.xml:35:13-76
113            android:directBootAware="false"
113-->[androidx.profileinstaller:profileinstaller:1.4.0] AndroidManifest.xml:36:13-44
114            android:enabled="true"
114-->[androidx.profileinstaller:profileinstaller:1.4.0] AndroidManifest.xml:37:13-35
115            android:exported="true"
115-->[androidx.profileinstaller:profileinstaller:1.4.0] AndroidManifest.xml:38:13-36
116            android:permission="android.permission.DUMP" >
116-->[androidx.profileinstaller:profileinstaller:1.4.0] AndroidManifest.xml:39:13-57
117            <intent-filter>
117-->[androidx.profileinstaller:profileinstaller:1.4.0] AndroidManifest.xml:40:13-42:29
118                <action android:name="androidx.profileinstaller.action.INSTALL_PROFILE" />
118-->[androidx.profileinstaller:profileinstaller:1.4.0] AndroidManifest.xml:41:17-91
118-->[androidx.profileinstaller:profileinstaller:1.4.0] AndroidManifest.xml:41:25-88
119            </intent-filter>
120            <intent-filter>
120-->[androidx.profileinstaller:profileinstaller:1.4.0] AndroidManifest.xml:43:13-45:29
121                <action android:name="androidx.profileinstaller.action.SKIP_FILE" />
121-->[androidx.profileinstaller:profileinstaller:1.4.0] AndroidManifest.xml:44:17-85
121-->[androidx.profileinstaller:profileinstaller:1.4.0] AndroidManifest.xml:44:25-82
122            </intent-filter>
123            <intent-filter>
123-->[androidx.profileinstaller:profileinstaller:1.4.0] AndroidManifest.xml:46:13-48:29
124                <action android:name="androidx.profileinstaller.action.SAVE_PROFILE" />
124-->[androidx.profileinstaller:profileinstaller:1.4.0] AndroidManifest.xml:47:17-88
124-->[androidx.profileinstaller:profileinstaller:1.4.0] AndroidManifest.xml:47:25-85
125            </intent-filter>
126            <intent-filter>
126-->[androidx.profileinstaller:profileinstaller:1.4.0] AndroidManifest.xml:49:13-51:29
127                <action android:name="androidx.profileinstaller.action.BENCHMARK_OPERATION" />
127-->[androidx.profileinstaller:profileinstaller:1.4.0] AndroidManifest.xml:50:17-95
127-->[androidx.profileinstaller:profileinstaller:1.4.0] AndroidManifest.xml:50:25-92
128            </intent-filter>
129        </receiver>
130    </application>
131
132</manifest>